<?xml version="1.0" encoding="UTF-8"?>
<testsuite name="com.jotonia.step.definitions.api.RunnerTest" time="0" tests="22" errors="0" skipped="14" failures="0">
  <properties>
[...]
</properties>
  <testcase name="Given I am on the homepage" classname="Scenario: As a user, I want to be able verify and interract with the cookies notification" time="0">
    <skipped/>
    <system-out><![CDATA[Feature: Check and interract with cookie notification on ClearScore website
]]></system-out>
  </testcase>
  <testcase name="And I verify the cookies notification is present" classname="Scenario: As a user, I want to be able verify and interract with the cookies notification" time="0">
    <skipped/>
  </testcase>
  <testcase name="When I click the /No Problem/ button on the cookies notification bar in order to dismiss the notification" classname="Scenario: As a user, I want to be able verify and interract with the cookies notification" time="0">
    <skipped/>
  </testcase>
  <testcase name="And I verify that the cookie notification bar doesnt reappear" classname="Scenario: As a user, I want to be able verify and interract with the cookies notification" time="0">
    <skipped/>
  </testcase>
  <testcase name="Then I know that the appropriate cookies are set" classname="Scenario: As a user, I want to be able verify and interract with the cookies notification" time="0">
    <skipped/>
  </testcase>
  <testcase name="Scenario: As a user, I want to be able verify and interract with the cookies notification" classname="Scenario: As a user, I want to be able verify and interract with the cookies notification" time="0">
    <skipped/>
  </testcase>
  <testcase name="Scenario: As a user, I want to be able verify and interract with the cookies notification" classname="Scenario: As a user, I want to be able verify and interract with the cookies notification" time="0.085"/>
  <testcase name="Given I am on the homepage" classname="Scenario: As a user, I want to be able to set scores and goal on the ClearScore savings calculator" time="0">
    <skipped/>
    <system-out><![CDATA[
  @clearscore_cookies @all
  Scenario: As a user, I want to be able verify and interract with the cookies notification                   # module1/HomePage_Cookies_Actions.feature:4
    Given I am on the homepage
    And I verify the cookies notification is present
    When I click the /No Problem/ button on the cookies notification bar in order to dismiss the notification
    And I verify that the cookie notification bar doesnt reappear
    Then I know that the appropriate cookies are set
Feature: ClearScore savings calculator
]]></system-out>
  </testcase>
  <testcase name="And I click the savings calculator tab." classname="Scenario: As a user, I want to be able to set scores and goal on the ClearScore savings calculator" time="0">
    <skipped/>
  </testcase>
  <testcase name="When I see the savings calculator is displayed and I select 50 for my current score" classname="Scenario: As a user, I want to be able to set scores and goal on the ClearScore savings calculator" time="0">
    <skipped/>
  </testcase>
  <testcase name="And I also select my score goal of 680" classname="Scenario: As a user, I want to be able to set scores and goal on the ClearScore savings calculator" time="0">
    <skipped/>
  </testcase>
  <testcase name="And I verify that my current score interest rate, costs and cards available are: 36.5%, £849 and 22" classname="Scenario: As a user, I want to be able to set scores and goal on the ClearScore savings calculator" time="0">
    <skipped/>
  </testcase>
  <testcase name="And I verify that my goal interest rate, costs and cards available are: 25%, £520 and 241" classname="Scenario: As a user, I want to be able to set scores and goal on the ClearScore savings calculator" time="0">
    <skipped/>
  </testcase>
  <testcase name="Then my potential savings display should be £384" classname="Scenario: As a user, I want to be able to set scores and goal on the ClearScore savings calculator" time="0">
    <skipped/>
  </testcase>
  <testcase name="Scenario: As a user, I want to be able to set scores and goal on the ClearScore savings calculator" classname="Scenario: As a user, I want to be able to set scores and goal on the ClearScore savings calculator" time="0">
    <skipped/>
  </testcase>
  <testcase name="Scenario: As a user, I want to be able to set scores and goal on the ClearScore savings calculator" classname="Scenario: As a user, I want to be able to set scores and goal on the ClearScore savings calculator" time="0.014"/>
  <testcase name="Given a book exists with an isbn of 9781451648546" classname="Scenario: User calls web service to get a book by its ISBN" time="0"/>
  <testcase name="When a user retrieves the book by isbn" classname="Scenario: User calls web service to get a book by its ISBN" time="0"/>
  <testcase name="Then the status code is 200" classname="Scenario: User calls web service to get a book by its ISBN" time="0"/>
  <testcase name="And response includes the following" classname="Scenario: User calls web service to get a book by its ISBN" time="0"/>
  <testcase name="And response includes the following in any order" classname="Scenario: User calls web service to get a book by its ISBN" time="0"/>
  <testcase name="Scenario: User calls web service to get a book by its ISBN" classname="Scenario: User calls web service to get a book by its ISBN" time="0"/>
</testsuite>